<?xml version="1.0" encoding="UTF-8"?>
<coverage generated="1781291853895" clover="3.2.0">
  <project timestamp="1781291853895" name="All files">
    <metrics statements="168" coveredstatements="110" conditionals="107" coveredconditionals="76" methods="64" coveredmethods="52" elements="339" coveredelements="238" complexity="0" loc="168" ncloc="168" packages="10" files="38" classes="38"/>
    <package name="src">
      <metrics statements="0" coveredstatements="0" conditionals="0" coveredconditionals="0" methods="0" coveredmethods="0"/>
      <file name="App.css" path="/home/deepaks/Training_prev/employee-app/employee-app-react/src/App.css">
        <metrics statements="0" coveredstatements="0" conditionals="0" coveredconditionals="0" methods="0" coveredmethods="0"/>
      </file>
    </package>
    <package name="src.assets.images">
      <metrics statements="0" coveredstatements="0" conditionals="0" coveredconditionals="0" methods="0" coveredmethods="0"/>
      <file name="add.svg" path="/home/deepaks/Training_prev/employee-app/employee-app-react/src/assets/images/add.svg">
        <metrics statements="0" coveredstatements="0" conditionals="0" coveredconditionals="0" methods="0" coveredmethods="0"/>
      </file>
      <file name="bin.svg" path="/home/deepaks/Training_prev/employee-app/employee-app-react/src/assets/images/bin.svg">
        <metrics statements="0" coveredstatements="0" conditionals="0" coveredconditionals="0" methods="0" coveredmethods="0"/>
      </file>
      <file name="chat.svg" path="/home/deepaks/Training_prev/employee-app/employee-app-react/src/assets/images/chat.svg">
        <metrics statements="0" coveredstatements="0" conditionals="0" coveredconditionals="0" methods="0" coveredmethods="0"/>
      </file>
      <file name="close.svg" path="/home/deepaks/Training_prev/employee-app/employee-app-react/src/assets/images/close.svg">
        <metrics statements="0" coveredstatements="0" conditionals="0" coveredconditionals="0" methods="0" coveredmethods="0"/>
      </file>
      <file name="cloud.svg" path="/home/deepaks/Training_prev/employee-app/employee-app-react/src/assets/images/cloud.svg">
        <metrics statements="0" coveredstatements="0" conditionals="0" coveredconditionals="0" methods="0" coveredmethods="0"/>
      </file>
      <file name="dropdown.svg" path="/home/deepaks/Training_prev/employee-app/employee-app-react/src/assets/images/dropdown.svg">
        <metrics statements="0" coveredstatements="0" conditionals="0" coveredconditionals="0" methods="0" coveredmethods="0"/>
      </file>
      <file name="logo.png" path="/home/deepaks/Training_prev/employee-app/employee-app-react/src/assets/images/logo.png">
        <metrics statements="0" coveredstatements="0" conditionals="0" coveredconditionals="0" methods="0" coveredmethods="0"/>
      </file>
      <file name="paperclip.svg" path="/home/deepaks/Training_prev/employee-app/employee-app-react/src/assets/images/paperclip.svg">
        <metrics statements="0" coveredstatements="0" conditionals="0" coveredconditionals="0" methods="0" coveredmethods="0"/>
      </file>
      <file name="pen.svg" path="/home/deepaks/Training_prev/employee-app/employee-app-react/src/assets/images/pen.svg">
        <metrics statements="0" coveredstatements="0" conditionals="0" coveredconditionals="0" methods="0" coveredmethods="0"/>
      </file>
      <file name="send.svg" path="/home/deepaks/Training_prev/employee-app/employee-app-react/src/assets/images/send.svg">
        <metrics statements="0" coveredstatements="0" conditionals="0" coveredconditionals="0" methods="0" coveredmethods="0"/>
      </file>
      <file name="typing.svg" path="/home/deepaks/Training_prev/employee-app/employee-app-react/src/assets/images/typing.svg">
        <metrics statements="0" coveredstatements="0" conditionals="0" coveredconditionals="0" methods="0" coveredmethods="0"/>
      </file>
      <file name="upload.svg" path="/home/deepaks/Training_prev/employee-app/employee-app-react/src/assets/images/upload.svg">
        <metrics statements="0" coveredstatements="0" conditionals="0" coveredconditionals="0" methods="0" coveredmethods="0"/>
      </file>
      <file name="users.svg" path="/home/deepaks/Training_prev/employee-app/employee-app-react/src/assets/images/users.svg">
        <metrics statements="0" coveredstatements="0" conditionals="0" coveredconditionals="0" methods="0" coveredmethods="0"/>
      </file>
    </package>
    <package name="src.components">
      <metrics statements="26" coveredstatements="26" conditionals="46" coveredconditionals="45" methods="17" coveredmethods="17"/>
      <file name="Button.tsx" path="/home/deepaks/Training_prev/employee-app/employee-app-react/src/components/Button.tsx">
        <metrics statements="1" coveredstatements="1" conditionals="5" coveredconditionals="5" methods="2" coveredmethods="2"/>
        <line num="22" count="197" type="stmt"/>
      </file>
      <file name="Card.tsx" path="/home/deepaks/Training_prev/employee-app/employee-app-react/src/components/Card.tsx">
        <metrics statements="1" coveredstatements="1" conditionals="0" coveredconditionals="0" methods="1" coveredmethods="1"/>
        <line num="4" count="14" type="stmt"/>
      </file>
      <file name="Fallback.tsx" path="/home/deepaks/Training_prev/employee-app/employee-app-react/src/components/Fallback.tsx">
        <metrics statements="1" coveredstatements="1" conditionals="1" coveredconditionals="1" methods="1" coveredmethods="1"/>
        <line num="6" count="1" type="stmt"/>
      </file>
      <file name="Form.tsx" path="/home/deepaks/Training_prev/employee-app/employee-app-react/src/components/Form.tsx">
        <metrics statements="16" coveredstatements="16" conditionals="30" coveredconditionals="29" methods="6" coveredmethods="6"/>
        <line num="20" count="1" type="stmt"/>
        <line num="22" count="1" type="stmt"/>
        <line num="29" count="1" type="stmt"/>
        <line num="32" count="9" type="stmt"/>
        <line num="34" count="9" type="stmt"/>
        <line num="35" count="9" type="stmt"/>
        <line num="37" count="9" type="stmt"/>
        <line num="38" count="1" type="stmt"/>
        <line num="41" count="9" type="stmt"/>
        <line num="42" count="1" type="stmt"/>
        <line num="45" count="9" type="stmt"/>
        <line num="46" count="1" type="stmt"/>
        <line num="47" count="1" type="stmt"/>
        <line num="50" count="9" type="stmt"/>
        <line num="193" count="2" type="stmt"/>
        <line num="229" count="1" type="stmt"/>
      </file>
      <file name="Header.tsx" path="/home/deepaks/Training_prev/employee-app/employee-app-react/src/components/Header.tsx">
        <metrics statements="1" coveredstatements="1" conditionals="0" coveredconditionals="0" methods="1" coveredmethods="1"/>
        <line num="5" count="1" type="stmt"/>
      </file>
      <file name="Input.tsx" path="/home/deepaks/Training_prev/employee-app/employee-app-react/src/components/Input.tsx">
        <metrics statements="1" coveredstatements="1" conditionals="2" coveredconditionals="2" methods="1" coveredmethods="1"/>
        <line num="21" count="178" type="stmt"/>
      </file>
      <file name="InputGroup.tsx" path="/home/deepaks/Training_prev/employee-app/employee-app-react/src/components/InputGroup.tsx">
        <metrics statements="2" coveredstatements="2" conditionals="8" coveredconditionals="8" methods="2" coveredmethods="2"/>
        <line num="28" count="63" type="stmt"/>
        <line num="43" count="72" type="stmt"/>
      </file>
      <file name="Layout.tsx" path="/home/deepaks/Training_prev/employee-app/employee-app-react/src/components/Layout.tsx">
        <metrics statements="1" coveredstatements="1" conditionals="0" coveredconditionals="0" methods="1" coveredmethods="1"/>
        <line num="7" count="1" type="stmt"/>
      </file>
      <file name="Navbar.tsx" path="/home/deepaks/Training_prev/employee-app/employee-app-react/src/components/Navbar.tsx">
        <metrics statements="1" coveredstatements="1" conditionals="0" coveredconditionals="0" methods="1" coveredmethods="1"/>
        <line num="7" count="1" type="stmt"/>
      </file>
      <file name="TitleCard.tsx" path="/home/deepaks/Training_prev/employee-app/employee-app-react/src/components/TitleCard.tsx">
        <metrics statements="1" coveredstatements="1" conditionals="0" coveredconditionals="0" methods="1" coveredmethods="1"/>
        <line num="9" count="16" type="stmt"/>
      </file>
    </package>
    <package name="src.components.Chatbot">
      <metrics statements="23" coveredstatements="13" conditionals="14" coveredconditionals="4" methods="11" coveredmethods="4"/>
      <file name="Chatbot.css" path="/home/deepaks/Training_prev/employee-app/employee-app-react/src/components/Chatbot/Chatbot.css">
        <metrics statements="0" coveredstatements="0" conditionals="0" coveredconditionals="0" methods="0" coveredmethods="0"/>
      </file>
      <file name="Chatbox.tsx" path="/home/deepaks/Training_prev/employee-app/employee-app-react/src/components/Chatbot/Chatbox.tsx">
        <metrics statements="22" coveredstatements="13" conditionals="12" coveredconditionals="4" methods="10" coveredmethods="4"/>
        <line num="13" count="14" type="stmt"/>
        <line num="14" count="14" type="stmt"/>
        <line num="15" count="14" type="stmt"/>
        <line num="16" count="14" type="stmt"/>
        <line num="18" count="14" type="stmt"/>
        <line num="19" count="0" type="cond" truecount="0" falsecount="4"/>
        <line num="20" count="0" type="stmt"/>
        <line num="22" count="0" type="stmt"/>
        <line num="23" count="0" type="stmt"/>
        <line num="26" count="14" type="stmt"/>
        <line num="27" count="10" type="stmt"/>
        <line num="28" count="7" type="cond" truecount="3" falsecount="1"/>
        <line num="29" count="7" type="stmt"/>
        <line num="32" count="10" type="stmt"/>
        <line num="33" count="10" type="stmt"/>
        <line num="34" count="10" type="stmt"/>
        <line num="38" count="14" type="stmt"/>
        <line num="49" count="0" type="stmt"/>
        <line num="59" count="0" type="stmt"/>
        <line num="60" count="0" type="stmt"/>
        <line num="66" count="0" type="stmt"/>
        <line num="81" count="0" type="stmt"/>
      </file>
      <file name="Message.tsx" path="/home/deepaks/Training_prev/employee-app/employee-app-react/src/components/Chatbot/Message.tsx">
        <metrics statements="1" coveredstatements="0" conditionals="2" coveredconditionals="0" methods="1" coveredmethods="0"/>
        <line num="8" count="0" type="stmt"/>
      </file>
    </package>
    <package name="src.components.Chatbot.utils">
      <metrics statements="31" coveredstatements="0" conditionals="14" coveredconditionals="0" methods="1" coveredmethods="0"/>
      <file name="streamChatResponse.ts" path="/home/deepaks/Training_prev/employee-app/employee-app-react/src/components/Chatbot/utils/streamChatResponse.ts">
        <metrics statements="31" coveredstatements="0" conditionals="14" coveredconditionals="0" methods="1" coveredmethods="0"/>
        <line num="6" count="0" type="stmt"/>
        <line num="13" count="0" type="cond" truecount="0" falsecount="2"/>
        <line num="14" count="0" type="stmt"/>
        <line num="17" count="0" type="cond" truecount="0" falsecount="2"/>
        <line num="18" count="0" type="stmt"/>
        <line num="21" count="0" type="stmt"/>
        <line num="22" count="0" type="stmt"/>
        <line num="24" count="0" type="stmt"/>
        <line num="25" count="0" type="stmt"/>
        <line num="26" count="0" type="stmt"/>
        <line num="28" count="0" type="stmt"/>
        <line num="29" count="0" type="stmt"/>
        <line num="30" count="0" type="stmt"/>
        <line num="31" count="0" type="stmt"/>
        <line num="33" count="0" type="stmt"/>
        <line num="34" count="0" type="cond" truecount="0" falsecount="2"/>
        <line num="36" count="0" type="stmt"/>
        <line num="37" count="0" type="stmt"/>
        <line num="38" count="0" type="cond" truecount="0" falsecount="2"/>
        <line num="39" count="0" type="stmt"/>
        <line num="42" count="0" type="cond" truecount="0" falsecount="2"/>
        <line num="43" count="0" type="stmt"/>
        <line num="44" count="0" type="stmt"/>
        <line num="45" count="0" type="cond" truecount="0" falsecount="2"/>
        <line num="46" count="0" type="stmt"/>
        <line num="48" count="0" type="stmt"/>
        <line num="49" count="0" type="cond" truecount="0" falsecount="2"/>
        <line num="50" count="0" type="stmt"/>
        <line num="51" count="0" type="stmt"/>
        <line num="54" count="0" type="stmt"/>
        <line num="60" count="0" type="stmt"/>
      </file>
    </package>
    <package name="src.components.DialogBox">
      <metrics statements="1" coveredstatements="1" conditionals="0" coveredconditionals="0" methods="1" coveredmethods="1"/>
      <file name="DialogBox.css" path="/home/deepaks/Training_prev/employee-app/employee-app-react/src/components/DialogBox/DialogBox.css">
        <metrics statements="0" coveredstatements="0" conditionals="0" coveredconditionals="0" methods="0" coveredmethods="0"/>
      </file>
      <file name="DialogBox.tsx" path="/home/deepaks/Training_prev/employee-app/employee-app-react/src/components/DialogBox/DialogBox.tsx">
        <metrics statements="1" coveredstatements="1" conditionals="0" coveredconditionals="0" methods="1" coveredmethods="1"/>
        <line num="11" count="6" type="stmt"/>
      </file>
    </package>
    <package name="src.components.Table">
      <metrics statements="3" coveredstatements="3" conditionals="0" coveredconditionals="0" methods="3" coveredmethods="3"/>
      <file name="Row.tsx" path="/home/deepaks/Training_prev/employee-app/employee-app-react/src/components/Table/Row.tsx">
        <metrics statements="2" coveredstatements="2" conditionals="0" coveredconditionals="0" methods="2" coveredmethods="2"/>
        <line num="22" count="31" type="stmt"/>
        <line num="39" count="2" type="stmt"/>
      </file>
      <file name="Table.css" path="/home/deepaks/Training_prev/employee-app/employee-app-react/src/components/Table/Table.css">
        <metrics statements="0" coveredstatements="0" conditionals="0" coveredconditionals="0" methods="0" coveredmethods="0"/>
      </file>
      <file name="Title.tsx" path="/home/deepaks/Training_prev/employee-app/employee-app-react/src/components/Table/Title.tsx">
        <metrics statements="1" coveredstatements="1" conditionals="0" coveredconditionals="0" methods="1" coveredmethods="1"/>
        <line num="4" count="14" type="stmt"/>
      </file>
    </package>
    <package name="src.hooks">
      <metrics statements="20" coveredstatements="6" conditionals="2" coveredconditionals="0" methods="5" coveredmethods="1"/>
      <file name="useSSEChat.tsx" path="/home/deepaks/Training_prev/employee-app/employee-app-react/src/hooks/useSSEChat.tsx">
        <metrics statements="20" coveredstatements="6" conditionals="2" coveredconditionals="0" methods="5" coveredmethods="1"/>
        <line num="11" count="14" type="stmt"/>
        <line num="12" count="14" type="stmt"/>
        <line num="13" count="14" type="stmt"/>
        <line num="14" count="14" type="stmt"/>
        <line num="16" count="14" type="stmt"/>
        <line num="17" count="0" type="stmt"/>
        <line num="18" count="0" type="stmt"/>
        <line num="19" count="0" type="stmt"/>
        <line num="20" count="0" type="stmt"/>
        <line num="21" count="0" type="stmt"/>
        <line num="27" count="0" type="stmt"/>
        <line num="28" count="0" type="stmt"/>
        <line num="31" count="0" type="stmt"/>
        <line num="32" count="0" type="stmt"/>
        <line num="33" count="0" type="stmt"/>
        <line num="34" count="0" type="stmt"/>
        <line num="40" count="0" type="cond" truecount="0" falsecount="2"/>
        <line num="41" count="0" type="stmt"/>
        <line num="44" count="0" type="stmt"/>
        <line num="48" count="14" type="stmt"/>
      </file>
    </package>
    <package name="src.pages.EmployeeList">
      <metrics statements="41" coveredstatements="38" conditionals="21" coveredconditionals="17" methods="15" coveredmethods="15"/>
      <file name="EmployeeList.css" path="/home/deepaks/Training_prev/employee-app/employee-app-react/src/pages/EmployeeList/EmployeeList.css">
        <metrics statements="0" coveredstatements="0" conditionals="0" coveredconditionals="0" methods="0" coveredmethods="0"/>
      </file>
      <file name="EmployeeList.tsx" path="/home/deepaks/Training_prev/employee-app/employee-app-react/src/pages/EmployeeList/EmployeeList.tsx">
        <metrics statements="41" coveredstatements="38" conditionals="21" coveredconditionals="17" methods="15" coveredmethods="15"/>
        <line num="24" count="14" type="stmt"/>
        <line num="26" count="14" type="stmt"/>
        <line num="27" count="14" type="stmt"/>
        <line num="28" count="14" type="stmt"/>
        <line num="32" count="14" type="cond" truecount="1" falsecount="0"/>
        <line num="41" count="14" type="stmt"/>
        <line num="45" count="14" type="stmt"/>
        <line num="46" count="10" type="cond" truecount="2" falsecount="0"/>
        <line num="47" count="1" type="stmt"/>
        <line num="51" count="14" type="stmt"/>
        <line num="52" count="11" type="stmt"/>
        <line num="55" count="14" type="stmt"/>
        <line num="56" count="10" type="cond" truecount="1" falsecount="1"/>
        <line num="57" count="0" type="stmt"/>
        <line num="61" count="14" type="stmt"/>
        <line num="62" count="10" type="cond" truecount="1" falsecount="1"/>
        <line num="63" count="0" type="stmt"/>
        <line num="67" count="14" type="stmt"/>
        <line num="68" count="2" type="stmt"/>
        <line num="69" count="2" type="stmt"/>
        <line num="70" count="2" type="stmt"/>
        <line num="73" count="14" type="stmt"/>
        <line num="74" count="1" type="stmt"/>
        <line num="75" count="1" type="stmt"/>
        <line num="78" count="14" type="stmt"/>
        <line num="79" count="1" type="stmt"/>
        <line num="80" count="1" type="stmt"/>
        <line num="83" count="14" type="stmt"/>
        <line num="84" count="1" type="stmt"/>
        <line num="86" count="1" type="cond" truecount="1" falsecount="1"/>
        <line num="87" count="0" type="stmt"/>
        <line num="90" count="1" type="stmt"/>
        <line num="91" count="1" type="stmt"/>
        <line num="93" count="1" type="stmt"/>
        <line num="97" count="14" type="stmt"/>
        <line num="135" count="1" type="stmt"/>
        <line num="158" count="1" type="stmt"/>
        <line num="174" count="31" type="stmt"/>
        <line num="176" count="1" type="stmt"/>
        <line num="181" count="2" type="stmt"/>
        <line num="182" count="1" type="stmt"/>
      </file>
    </package>
    <package name="src.pages.Login">
      <metrics statements="23" coveredstatements="23" conditionals="10" coveredconditionals="10" methods="11" coveredmethods="11"/>
      <file name="Login.css" path="/home/deepaks/Training_prev/employee-app/employee-app-react/src/pages/Login/Login.css">
        <metrics statements="0" coveredstatements="0" conditionals="0" coveredconditionals="0" methods="0" coveredmethods="0"/>
      </file>
      <file name="Login.tsx" path="/home/deepaks/Training_prev/employee-app/employee-app-react/src/pages/Login/Login.tsx">
        <metrics statements="23" coveredstatements="23" conditionals="10" coveredconditionals="10" methods="11" coveredmethods="11"/>
        <line num="10" count="88" type="stmt"/>
        <line num="11" count="88" type="stmt"/>
        <line num="12" count="88" type="stmt"/>
        <line num="13" count="88" type="stmt"/>
        <line num="14" count="88" type="stmt"/>
        <line num="17" count="1" type="stmt"/>
        <line num="21" count="52" type="stmt"/>
        <line num="23" count="52" type="stmt"/>
        <line num="25" count="52" type="cond" truecount="4" falsecount="0"/>
        <line num="29" count="30" type="stmt"/>
        <line num="31" count="30" type="stmt"/>
        <line num="33" count="30" type="cond" truecount="2" falsecount="0"/>
        <line num="37" count="2" type="stmt"/>
        <line num="40" count="1" type="stmt"/>
        <line num="41" count="1" type="stmt"/>
        <line num="42" count="1" type="stmt"/>
        <line num="45" count="1" type="stmt"/>
        <line num="46" count="1" type="stmt"/>
        <line num="50" count="88" type="stmt"/>
        <line num="58" count="1" type="stmt"/>
        <line num="68" count="52" type="stmt"/>
        <line num="82" count="30" type="stmt"/>
        <line num="94" count="2" type="stmt"/>
      </file>
    </package>
  </project>
</coverage>
