{"/home/deepaks/Training_prev/employee-app/employee-app-react/src/components/Input.tsx": {"path":"/home/deepaks/Training_prev/employee-app/employee-app-react/src/components/Input.tsx","statementMap":{"0":{"start":{"line":12,"column":2},"end":{"line":15,"column":null}}},"fnMap":{"0":{"name":"Input","decl":{"start":{"line":11,"column":9},"end":{"line":11,"column":16}},"loc":{"start":{"line":11,"column":95},"end":{"line":17,"column":null}},"line":11}},"branchMap":{"0":{"loc":{"start":{"line":11,"column":65},"end":{"line":11,"column":95}},"type":"default-arg","locations":[{"start":{"line":11,"column":75},"end":{"line":11,"column":95}}],"line":11}},"s":{"0":1},"f":{"0":1},"b":{"0":[1]},"meta":{"lastBranch":1,"lastFunction":1,"lastStatement":1,"seen":{"f:11:9:11:16":0,"b:11:75:11:95":0,"s:12:2:15:Infinity":0},"fnNames":{}}}
}
