{"/home/deepaks/Training_prev/employee-app/employee-app-react/src/App.css": {"path":"/home/deepaks/Training_prev/employee-app/employee-app-react/src/App.css","statementMap":{},"fnMap":{},"branchMap":{},"s":{},"f":{},"b":{},"meta":{"lastBranch":0,"lastFunction":0,"lastStatement":0,"seen":{},"fnNames":{}}}
,"/home/deepaks/Training_prev/employee-app/employee-app-react/src/assets/images/add.svg": {"path":"/home/deepaks/Training_prev/employee-app/employee-app-react/src/assets/images/add.svg","statementMap":{},"fnMap":{},"branchMap":{},"s":{},"f":{},"b":{},"meta":{"lastBranch":0,"lastFunction":0,"lastStatement":0,"seen":{},"fnNames":{}}}
,"/home/deepaks/Training_prev/employee-app/employee-app-react/src/assets/images/bin.svg": {"path":"/home/deepaks/Training_prev/employee-app/employee-app-react/src/assets/images/bin.svg","statementMap":{},"fnMap":{},"branchMap":{},"s":{},"f":{},"b":{},"meta":{"lastBranch":0,"lastFunction":0,"lastStatement":0,"seen":{},"fnNames":{}}}
,"/home/deepaks/Training_prev/employee-app/employee-app-react/src/assets/images/chat.svg": {"path":"/home/deepaks/Training_prev/employee-app/employee-app-react/src/assets/images/chat.svg","statementMap":{},"fnMap":{},"branchMap":{},"s":{},"f":{},"b":{},"meta":{"lastBranch":0,"lastFunction":0,"lastStatement":0,"seen":{},"fnNames":{}}}
,"/home/deepaks/Training_prev/employee-app/employee-app-react/src/assets/images/close.svg": {"path":"/home/deepaks/Training_prev/employee-app/employee-app-react/src/assets/images/close.svg","statementMap":{},"fnMap":{},"branchMap":{},"s":{},"f":{},"b":{},"meta":{"lastBranch":0,"lastFunction":0,"lastStatement":0,"seen":{},"fnNames":{}}}
,"/home/deepaks/Training_prev/employee-app/employee-app-react/src/assets/images/cloud.svg": {"path":"/home/deepaks/Training_prev/employee-app/employee-app-react/src/assets/images/cloud.svg","statementMap":{},"fnMap":{},"branchMap":{},"s":{},"f":{},"b":{},"meta":{"lastBranch":0,"lastFunction":0,"lastStatement":0,"seen":{},"fnNames":{}}}
,"/home/deepaks/Training_prev/employee-app/employee-app-react/src/assets/images/dropdown.svg": {"path":"/home/deepaks/Training_prev/employee-app/employee-app-react/src/assets/images/dropdown.svg","statementMap":{},"fnMap":{},"branchMap":{},"s":{},"f":{},"b":{},"meta":{"lastBranch":0,"lastFunction":0,"lastStatement":0,"seen":{},"fnNames":{}}}
,"/home/deepaks/Training_prev/employee-app/employee-app-react/src/assets/images/logo.png": {"path":"/home/deepaks/Training_prev/employee-app/employee-app-react/src/assets/images/logo.png","statementMap":{},"fnMap":{},"branchMap":{},"s":{},"f":{},"b":{},"meta":{"lastBranch":0,"lastFunction":0,"lastStatement":0,"seen":{},"fnNames":{}}}
,"/home/deepaks/Training_prev/employee-app/employee-app-react/src/assets/images/paperclip.svg": {"path":"/home/deepaks/Training_prev/employee-app/employee-app-react/src/assets/images/paperclip.svg","statementMap":{},"fnMap":{},"branchMap":{},"s":{},"f":{},"b":{},"meta":{"lastBranch":0,"lastFunction":0,"lastStatement":0,"seen":{},"fnNames":{}}}
,"/home/deepaks/Training_prev/employee-app/employee-app-react/src/assets/images/pen.svg": {"path":"/home/deepaks/Training_prev/employee-app/employee-app-react/src/assets/images/pen.svg","statementMap":{},"fnMap":{},"branchMap":{},"s":{},"f":{},"b":{},"meta":{"lastBranch":0,"lastFunction":0,"lastStatement":0,"seen":{},"fnNames":{}}}
,"/home/deepaks/Training_prev/employee-app/employee-app-react/src/assets/images/send.svg": {"path":"/home/deepaks/Training_prev/employee-app/employee-app-react/src/assets/images/send.svg","statementMap":{},"fnMap":{},"branchMap":{},"s":{},"f":{},"b":{},"meta":{"lastBranch":0,"lastFunction":0,"lastStatement":0,"seen":{},"fnNames":{}}}
,"/home/deepaks/Training_prev/employee-app/employee-app-react/src/assets/images/typing.svg": {"path":"/home/deepaks/Training_prev/employee-app/employee-app-react/src/assets/images/typing.svg","statementMap":{},"fnMap":{},"branchMap":{},"s":{},"f":{},"b":{},"meta":{"lastBranch":0,"lastFunction":0,"lastStatement":0,"seen":{},"fnNames":{}}}
,"/home/deepaks/Training_prev/employee-app/employee-app-react/src/assets/images/upload.svg": {"path":"/home/deepaks/Training_prev/employee-app/employee-app-react/src/assets/images/upload.svg","statementMap":{},"fnMap":{},"branchMap":{},"s":{},"f":{},"b":{},"meta":{"lastBranch":0,"lastFunction":0,"lastStatement":0,"seen":{},"fnNames":{}}}
,"/home/deepaks/Training_prev/employee-app/employee-app-react/src/assets/images/users.svg": {"path":"/home/deepaks/Training_prev/employee-app/employee-app-react/src/assets/images/users.svg","statementMap":{},"fnMap":{},"branchMap":{},"s":{},"f":{},"b":{},"meta":{"lastBranch":0,"lastFunction":0,"lastStatement":0,"seen":{},"fnNames":{}}}
,"/home/deepaks/Training_prev/employee-app/employee-app-react/src/components/Button.tsx": {"path":"/home/deepaks/Training_prev/employee-app/employee-app-react/src/components/Button.tsx","statementMap":{"0":{"start":{"line":22,"column":4},"end":{"line":32,"column":null}}},"fnMap":{"0":{"name":"Button","decl":{"start":{"line":13,"column":9},"end":{"line":13,"column":16}},"loc":{"start":{"line":21,"column":16},"end":{"line":34,"column":null}},"line":21},"1":{"name":"(anonymous_1)","decl":{"start":{"line":17,"column":4},"end":{"line":17,"column":20}},"loc":{"start":{"line":17,"column":20},"end":{"line":17,"column":null}},"line":17}},"branchMap":{"0":{"loc":{"start":{"line":14,"column":4},"end":{"line":14,"column":null}},"type":"default-arg","locations":[{"start":{"line":14,"column":15},"end":{"line":14,"column":null}}],"line":14},"1":{"loc":{"start":{"line":17,"column":4},"end":{"line":17,"column":null}},"type":"default-arg","locations":[{"start":{"line":17,"column":4},"end":{"line":17,"column":null}}],"line":17},"2":{"loc":{"start":{"line":18,"column":4},"end":{"line":18,"column":null}},"type":"default-arg","locations":[{"start":{"line":18,"column":15},"end":{"line":18,"column":null}}],"line":18},"3":{"loc":{"start":{"line":19,"column":4},"end":{"line":19,"column":null}},"type":"default-arg","locations":[{"start":{"line":19,"column":9},"end":{"line":19,"column":null}}],"line":19},"4":{"loc":{"start":{"line":20,"column":4},"end":{"line":20,"column":null}},"type":"default-arg","locations":[{"start":{"line":20,"column":13},"end":{"line":20,"column":null}}],"line":20}},"s":{"0":197},"f":{"0":197,"1":1},"b":{"0":[197],"1":[1],"2":[197],"3":[197],"4":[197]},"meta":{"lastBranch":5,"lastFunction":2,"lastStatement":1,"seen":{"f:13:9:13:16":0,"b:14:15:14:Infinity":0,"b:17:4:17:Infinity":1,"f:17:4:17:20":1,"b:18:15:18:Infinity":2,"b:19:9:19:Infinity":3,"b:20:13:20:Infinity":4,"s:22:4:32:Infinity":0},"fnNames":{}}}
,"/home/deepaks/Training_prev/employee-app/employee-app-react/src/components/Card.tsx": {"path":"/home/deepaks/Training_prev/employee-app/employee-app-react/src/components/Card.tsx","statementMap":{"0":{"start":{"line":4,"column":4},"end":{"line":4,"column":null}}},"fnMap":{"0":{"name":"Card","decl":{"start":{"line":3,"column":9},"end":{"line":3,"column":14}},"loc":{"start":{"line":3,"column":53},"end":{"line":5,"column":null}},"line":3}},"branchMap":{},"s":{"0":14},"f":{"0":14},"b":{},"meta":{"lastBranch":0,"lastFunction":1,"lastStatement":1,"seen":{"f:3:9:3:14":0,"s:4:4:4:Infinity":0},"fnNames":{}}}
,"/home/deepaks/Training_prev/employee-app/employee-app-react/src/components/Fallback.tsx": {"path":"/home/deepaks/Training_prev/employee-app/employee-app-react/src/components/Fallback.tsx","statementMap":{"0":{"start":{"line":6,"column":4},"end":{"line":10,"column":null}}},"fnMap":{"0":{"name":"Fallback","decl":{"start":{"line":5,"column":24},"end":{"line":5,"column":33}},"loc":{"start":{"line":5,"column":76},"end":{"line":12,"column":null}},"line":5}},"branchMap":{"0":{"loc":{"start":{"line":5,"column":35},"end":{"line":5,"column":76}},"type":"default-arg","locations":[{"start":{"line":5,"column":45},"end":{"line":5,"column":76}}],"line":5}},"s":{"0":1},"f":{"0":1},"b":{"0":[1]},"meta":{"lastBranch":1,"lastFunction":1,"lastStatement":1,"seen":{"f:5:24:5:33":0,"b:5:45:5:76":0,"s:6:4:10:Infinity":0},"fnNames":{}}}
,"/home/deepaks/Training_prev/employee-app/employee-app-react/src/components/Form.tsx": {"path":"/home/deepaks/Training_prev/employee-app/employee-app-react/src/components/Form.tsx","statementMap":{"0":{"start":{"line":20,"column":19},"end":{"line":20,"column":null}},"1":{"start":{"line":22,"column":23},"end":{"line":27,"column":null}},"2":{"start":{"line":29,"column":21},"end":{"line":29,"column":null}},"3":{"start":{"line":32,"column":10},"end":{"line":32,"column":null}},"4":{"start":{"line":34,"column":25},"end":{"line":34,"column":null}},"5":{"start":{"line":35,"column":17},"end":{"line":35,"column":null}},"6":{"start":{"line":37,"column":10},"end":{"line":39,"column":null}},"7":{"start":{"line":38,"column":8},"end":{"line":38,"column":null}},"8":{"start":{"line":41,"column":10},"end":{"line":43,"column":null}},"9":{"start":{"line":42,"column":8},"end":{"line":42,"column":null}},"10":{"start":{"line":45,"column":10},"end":{"line":48,"column":null}},"11":{"start":{"line":46,"column":8},"end":{"line":46,"column":null}},"12":{"start":{"line":47,"column":8},"end":{"line":47,"column":null}},"13":{"start":{"line":50,"column":4},"end":{"line":233,"column":null}},"14":{"start":{"line":193,"column":62},"end":{"line":193,"column":null}},"15":{"start":{"line":229,"column":39},"end":{"line":229,"column":null}}},"fnMap":{"0":{"name":"Form","decl":{"start":{"line":31,"column":9},"end":{"line":31,"column":14}},"loc":{"start":{"line":31,"column":53},"end":{"line":235,"column":null}},"line":31},"1":{"name":"(anonymous_1)","decl":{"start":{"line":37,"column":10},"end":{"line":37,"column":30}},"loc":{"start":{"line":37,"column":53},"end":{"line":39,"column":null}},"line":37},"2":{"name":"(anonymous_2)","decl":{"start":{"line":41,"column":10},"end":{"line":41,"column":36}},"loc":{"start":{"line":41,"column":36},"end":{"line":43,"column":null}},"line":41},"3":{"name":"(anonymous_3)","decl":{"start":{"line":45,"column":10},"end":{"line":45,"column":24}},"loc":{"start":{"line":45,"column":87},"end":{"line":48,"column":null}},"line":45},"4":{"name":"(anonymous_4)","decl":{"start":{"line":193,"column":47},"end":{"line":193,"column":62}},"loc":{"start":{"line":193,"column":62},"end":{"line":193,"column":null}},"line":193},"5":{"name":"(anonymous_5)","decl":{"start":{"line":229,"column":24},"end":{"line":229,"column":39}},"loc":{"start":{"line":229,"column":39},"end":{"line":229,"column":null}},"line":229}},"branchMap":{"0":{"loc":{"start":{"line":52,"column":13},"end":{"line":105,"column":13}},"type":"binary-expr","locations":[{"start":{"line":52,"column":13},"end":{"line":52,"column":null}},{"start":{"line":53,"column":16},"end":{"line":105,"column":13}}],"line":52},"1":{"loc":{"start":{"line":68,"column":33},"end":{"line":82,"column":null}},"type":"cond-expr","locations":[{"start":{"line":69,"column":36},"end":{"line":80,"column":37}},{"start":{"line":80,"column":36},"end":{"line":82,"column":null}}],"line":68},"2":{"loc":{"start":{"line":110,"column":34},"end":{"line":110,"column":null}},"type":"binary-expr","locations":[{"start":{"line":110,"column":34},"end":{"line":110,"column":56}},{"start":{"line":110,"column":56},"end":{"line":110,"column":null}}],"line":110},"3":{"loc":{"start":{"line":117,"column":34},"end":{"line":117,"column":null}},"type":"binary-expr","locations":[{"start":{"line":117,"column":34},"end":{"line":117,"column":57}},{"start":{"line":117,"column":57},"end":{"line":117,"column":null}}],"line":117},"4":{"loc":{"start":{"line":124,"column":35},"end":{"line":124,"column":null}},"type":"binary-expr","locations":[{"start":{"line":124,"column":35},"end":{"line":124,"column":77}},{"start":{"line":124,"column":77},"end":{"line":124,"column":null}}],"line":124},"5":{"loc":{"start":{"line":133,"column":34},"end":{"line":133,"column":null}},"type":"binary-expr","locations":[{"start":{"line":133,"column":34},"end":{"line":133,"column":63}},{"start":{"line":133,"column":63},"end":{"line":133,"column":null}}],"line":133},"6":{"loc":{"start":{"line":142,"column":34},"end":{"line":142,"column":null}},"type":"binary-expr","locations":[{"start":{"line":142,"column":34},"end":{"line":142,"column":56}},{"start":{"line":142,"column":56},"end":{"line":142,"column":null}}],"line":142},"7":{"loc":{"start":{"line":151,"column":34},"end":{"line":151,"column":null}},"type":"binary-expr","locations":[{"start":{"line":151,"column":34},"end":{"line":151,"column":58}},{"start":{"line":151,"column":58},"end":{"line":151,"column":null}}],"line":151},"8":{"loc":{"start":{"line":161,"column":38},"end":{"line":161,"column":null}},"type":"binary-expr","locations":[{"start":{"line":161,"column":38},"end":{"line":161,"column":70}},{"start":{"line":161,"column":70},"end":{"line":161,"column":null}}],"line":161},"9":{"loc":{"start":{"line":168,"column":42},"end":{"line":168,"column":null}},"type":"binary-expr","locations":[{"start":{"line":168,"column":42},"end":{"line":168,"column":73}},{"start":{"line":168,"column":73},"end":{"line":168,"column":null}}],"line":168},"10":{"loc":{"start":{"line":174,"column":42},"end":{"line":174,"column":null}},"type":"binary-expr","locations":[{"start":{"line":174,"column":42},"end":{"line":174,"column":76}},{"start":{"line":174,"column":76},"end":{"line":174,"column":null}}],"line":174},"11":{"loc":{"start":{"line":181,"column":42},"end":{"line":181,"column":null}},"type":"binary-expr","locations":[{"start":{"line":181,"column":42},"end":{"line":181,"column":80}},{"start":{"line":181,"column":80},"end":{"line":181,"column":null}}],"line":181},"12":{"loc":{"start":{"line":190,"column":34},"end":{"line":190,"column":null}},"type":"binary-expr","locations":[{"start":{"line":190,"column":34},"end":{"line":190,"column":62}},{"start":{"line":190,"column":62},"end":{"line":190,"column":null}}],"line":190},"13":{"loc":{"start":{"line":197,"column":25},"end":{"line":210,"column":25}},"type":"binary-expr","locations":[{"start":{"line":197,"column":25},"end":{"line":197,"column":null}},{"start":{"line":198,"column":28},"end":{"line":210,"column":25}}],"line":197},"14":{"loc":{"start":{"line":221,"column":31},"end":{"line":221,"column":null}},"type":"cond-expr","locations":[{"start":{"line":221,"column":46},"end":{"line":221,"column":57}},{"start":{"line":221,"column":57},"end":{"line":221,"column":null}}],"line":221}},"s":{"0":1,"1":1,"2":1,"3":9,"4":9,"5":9,"6":9,"7":1,"8":9,"9":1,"10":9,"11":1,"12":1,"13":9,"14":2,"15":1},"f":{"0":9,"1":1,"2":1,"3":1,"4":2,"5":1},"b":{"0":[9,4],"1":[3,1],"2":[9,9],"3":[9,9],"4":[9,9],"5":[9,9],"6":[9,9],"7":[9,9],"8":[9,9],"9":[9,9],"10":[9,9],"11":[9,9],"12":[9,9],"13":[9,1],"14":[0,9]},"meta":{"lastBranch":15,"lastFunction":6,"lastStatement":16,"seen":{"s:20:19:20:Infinity":0,"s:22:23:27:Infinity":1,"s:29:21:29:Infinity":2,"f:31:9:31:14":0,"s:32:10:32:Infinity":3,"s:34:25:34:Infinity":4,"s:35:17:35:Infinity":5,"s:37:10:39:Infinity":6,"f:37:10:37:30":1,"s:38:8:38:Infinity":7,"s:41:10:43:Infinity":8,"f:41:10:41:36":2,"s:42:8:42:Infinity":9,"s:45:10:48:Infinity":10,"f:45:10:45:24":3,"s:46:8:46:Infinity":11,"s:47:8:47:Infinity":12,"s:50:4:233:Infinity":13,"b:52:13:52:Infinity:53:16:105:13":0,"b:69:36:80:37:80:36:82:Infinity":1,"b:110:34:110:56:110:56:110:Infinity":2,"b:117:34:117:57:117:57:117:Infinity":3,"b:124:35:124:77:124:77:124:Infinity":4,"b:133:34:133:63:133:63:133:Infinity":5,"b:142:34:142:56:142:56:142:Infinity":6,"b:151:34:151:58:151:58:151:Infinity":7,"b:161:38:161:70:161:70:161:Infinity":8,"b:168:42:168:73:168:73:168:Infinity":9,"b:174:42:174:76:174:76:174:Infinity":10,"b:181:42:181:80:181:80:181:Infinity":11,"b:190:34:190:62:190:62:190:Infinity":12,"f:193:47:193:62":4,"s:193:62:193:Infinity":14,"b:197:25:197:Infinity:198:28:210:25":13,"b:221:46:221:57:221:57:221:Infinity":14,"f:229:24:229:39":5,"s:229:39:229:Infinity":15},"fnNames":{}}}
,"/home/deepaks/Training_prev/employee-app/employee-app-react/src/components/Header.tsx": {"path":"/home/deepaks/Training_prev/employee-app/employee-app-react/src/components/Header.tsx","statementMap":{"0":{"start":{"line":5,"column":4},"end":{"line":10,"column":null}}},"fnMap":{"0":{"name":"Header","decl":{"start":{"line":4,"column":9},"end":{"line":4,"column":18}},"loc":{"start":{"line":4,"column":18},"end":{"line":12,"column":null}},"line":4}},"branchMap":{},"s":{"0":1},"f":{"0":1},"b":{},"meta":{"lastBranch":0,"lastFunction":1,"lastStatement":1,"seen":{"f:4:9:4:18":0,"s:5:4:10:Infinity":0},"fnNames":{}}}
,"/home/deepaks/Training_prev/employee-app/employee-app-react/src/components/Input.tsx": {"path":"/home/deepaks/Training_prev/employee-app/employee-app-react/src/components/Input.tsx","statementMap":{"0":{"start":{"line":21,"column":4},"end":{"line":32,"column":null}}},"fnMap":{"0":{"name":"Input","decl":{"start":{"line":12,"column":9},"end":{"line":12,"column":15}},"loc":{"start":{"line":20,"column":15},"end":{"line":34,"column":null}},"line":20}},"branchMap":{"0":{"loc":{"start":{"line":18,"column":4},"end":{"line":18,"column":null}},"type":"default-arg","locations":[{"start":{"line":18,"column":16},"end":{"line":18,"column":null}}],"line":18},"1":{"loc":{"start":{"line":19,"column":4},"end":{"line":19,"column":null}},"type":"default-arg","locations":[{"start":{"line":19,"column":9},"end":{"line":19,"column":null}}],"line":19}},"s":{"0":178},"f":{"0":178},"b":{"0":[178],"1":[178]},"meta":{"lastBranch":2,"lastFunction":1,"lastStatement":1,"seen":{"f:12:9:12:15":0,"b:18:16:18:Infinity":0,"b:19:9:19:Infinity":1,"s:21:4:32:Infinity":0},"fnNames":{}}}
,"/home/deepaks/Training_prev/employee-app/employee-app-react/src/components/InputGroup.tsx": {"path":"/home/deepaks/Training_prev/employee-app/employee-app-react/src/components/InputGroup.tsx","statementMap":{"0":{"start":{"line":28,"column":4},"end":{"line":49,"column":null}},"1":{"start":{"line":43,"column":24},"end":{"line":45,"column":null}}},"fnMap":{"0":{"name":"InputGroup","decl":{"start":{"line":18,"column":9},"end":{"line":18,"column":20}},"loc":{"start":{"line":27,"column":15},"end":{"line":51,"column":null}},"line":27},"1":{"name":"(anonymous_1)","decl":{"start":{"line":42,"column":29},"end":{"line":42,"column":34}},"loc":{"start":{"line":43,"column":24},"end":{"line":45,"column":null}},"line":43}},"branchMap":{"0":{"loc":{"start":{"line":21,"column":4},"end":{"line":21,"column":null}},"type":"default-arg","locations":[{"start":{"line":21,"column":11},"end":{"line":21,"column":null}}],"line":21},"1":{"loc":{"start":{"line":22,"column":4},"end":{"line":22,"column":null}},"type":"default-arg","locations":[{"start":{"line":22,"column":14},"end":{"line":22,"column":null}}],"line":22},"2":{"loc":{"start":{"line":23,"column":4},"end":{"line":23,"column":null}},"type":"default-arg","locations":[{"start":{"line":23,"column":14},"end":{"line":23,"column":null}}],"line":23},"3":{"loc":{"start":{"line":24,"column":4},"end":{"line":24,"column":null}},"type":"default-arg","locations":[{"start":{"line":24,"column":11},"end":{"line":24,"column":null}}],"line":24},"4":{"loc":{"start":{"line":25,"column":4},"end":{"line":25,"column":null}},"type":"default-arg","locations":[{"start":{"line":25,"column":19},"end":{"line":25,"column":null}}],"line":25},"5":{"loc":{"start":{"line":26,"column":4},"end":{"line":26,"column":null}},"type":"default-arg","locations":[{"start":{"line":26,"column":15},"end":{"line":26,"column":null}}],"line":26},"6":{"loc":{"start":{"line":31,"column":13},"end":{"line":49,"column":null}},"type":"cond-expr","locations":[{"start":{"line":32,"column":16},"end":{"line":41,"column":17}},{"start":{"line":41,"column":16},"end":{"line":49,"column":null}}],"line":31}},"s":{"0":63,"1":72},"f":{"0":63,"1":72},"b":{"0":[63],"1":[63],"2":[63],"3":[63],"4":[63],"5":[63],"6":[45,18]},"meta":{"lastBranch":7,"lastFunction":2,"lastStatement":2,"seen":{"f:18:9:18:20":0,"b:21:11:21:Infinity":0,"b:22:14:22:Infinity":1,"b:23:14:23:Infinity":2,"b:24:11:24:Infinity":3,"b:25:19:25:Infinity":4,"b:26:15:26:Infinity":5,"s:28:4:49:Infinity":0,"b:32:16:41:17:41:16:49:Infinity":6,"f:42:29:42:34":1,"s:43:24:45:Infinity":1},"fnNames":{}}}
,"/home/deepaks/Training_prev/employee-app/employee-app-react/src/components/Layout.tsx": {"path":"/home/deepaks/Training_prev/employee-app/employee-app-react/src/components/Layout.tsx","statementMap":{"0":{"start":{"line":7,"column":4},"end":{"line":14,"column":null}}},"fnMap":{"0":{"name":"Layout","decl":{"start":{"line":6,"column":9},"end":{"line":6,"column":18}},"loc":{"start":{"line":6,"column":18},"end":{"line":16,"column":null}},"line":6}},"branchMap":{},"s":{"0":1},"f":{"0":1},"b":{},"meta":{"lastBranch":0,"lastFunction":1,"lastStatement":1,"seen":{"f:6:9:6:18":0,"s:7:4:14:Infinity":0},"fnNames":{}}}
,"/home/deepaks/Training_prev/employee-app/employee-app-react/src/components/Navbar.tsx": {"path":"/home/deepaks/Training_prev/employee-app/employee-app-react/src/components/Navbar.tsx","statementMap":{"0":{"start":{"line":7,"column":4},"end":{"line":17,"column":null}}},"fnMap":{"0":{"name":"Navbar","decl":{"start":{"line":6,"column":9},"end":{"line":6,"column":18}},"loc":{"start":{"line":6,"column":18},"end":{"line":19,"column":null}},"line":6}},"branchMap":{},"s":{"0":1},"f":{"0":1},"b":{},"meta":{"lastBranch":0,"lastFunction":1,"lastStatement":1,"seen":{"f:6:9:6:18":0,"s:7:4:17:Infinity":0},"fnNames":{}}}
,"/home/deepaks/Training_prev/employee-app/employee-app-react/src/components/TitleCard.tsx": {"path":"/home/deepaks/Training_prev/employee-app/employee-app-react/src/components/TitleCard.tsx","statementMap":{"0":{"start":{"line":9,"column":4},"end":{"line":13,"column":null}}},"fnMap":{"0":{"name":"TitleCard","decl":{"start":{"line":8,"column":9},"end":{"line":8,"column":19}},"loc":{"start":{"line":8,"column":52},"end":{"line":15,"column":null}},"line":8}},"branchMap":{},"s":{"0":16},"f":{"0":16},"b":{},"meta":{"lastBranch":0,"lastFunction":1,"lastStatement":1,"seen":{"f:8:9:8:19":0,"s:9:4:13:Infinity":0},"fnNames":{}}}
,"/home/deepaks/Training_prev/employee-app/employee-app-react/src/components/Chatbot/Chatbot.css": {"path":"/home/deepaks/Training_prev/employee-app/employee-app-react/src/components/Chatbot/Chatbot.css","statementMap":{},"fnMap":{},"branchMap":{},"s":{},"f":{},"b":{},"meta":{"lastBranch":0,"lastFunction":0,"lastStatement":0,"seen":{},"fnNames":{}}}
,"/home/deepaks/Training_prev/employee-app/employee-app-react/src/components/Chatbot/Chatbox.tsx": {"path":"/home/deepaks/Training_prev/employee-app/employee-app-react/src/components/Chatbot/Chatbox.tsx","statementMap":{"0":{"start":{"line":13,"column":19},"end":{"line":13,"column":null}},"1":{"start":{"line":14,"column":10},"end":{"line":14,"column":null}},"2":{"start":{"line":15,"column":25},"end":{"line":15,"column":null}},"3":{"start":{"line":16,"column":49},"end":{"line":16,"column":null}},"4":{"start":{"line":18,"column":30},"end":{"line":24,"column":null}},"5":{"start":{"line":19,"column":8},"end":{"line":21,"column":null}},"6":{"start":{"line":20,"column":12},"end":{"line":20,"column":null}},"7":{"start":{"line":22,"column":8},"end":{"line":22,"column":null}},"8":{"start":{"line":23,"column":8},"end":{"line":23,"column":null}},"9":{"start":{"line":26,"column":4},"end":{"line":36,"column":null}},"10":{"start":{"line":27,"column":14},"end":{"line":31,"column":null}},"11":{"start":{"line":28,"column":12},"end":{"line":30,"column":null}},"12":{"start":{"line":29,"column":16},"end":{"line":29,"column":null}},"13":{"start":{"line":32,"column":8},"end":{"line":32,"column":null}},"14":{"start":{"line":33,"column":8},"end":{"line":35,"column":null}},"15":{"start":{"line":34,"column":12},"end":{"line":34,"column":null}},"16":{"start":{"line":38,"column":4},"end":{"line":85,"column":null}},"17":{"start":{"line":49,"column":32},"end":{"line":53,"column":null}},"18":{"start":{"line":59,"column":36},"end":{"line":59,"column":null}},"19":{"start":{"line":60,"column":36},"end":{"line":60,"column":null}},"20":{"start":{"line":66,"column":53},"end":{"line":66,"column":null}},"21":{"start":{"line":81,"column":63},"end":{"line":81,"column":null}},"22":{"start":{"line":81,"column":83},"end":{"line":81,"column":88}}},"fnMap":{"0":{"name":"Chatbox","decl":{"start":{"line":12,"column":9},"end":{"line":12,"column":19}},"loc":{"start":{"line":12,"column":19},"end":{"line":87,"column":null}},"line":12},"1":{"name":"(anonymous_1)","decl":{"start":{"line":18,"column":30},"end":{"line":18,"column":42}},"loc":{"start":{"line":18,"column":42},"end":{"line":24,"column":null}},"line":18},"2":{"name":"(anonymous_2)","decl":{"start":{"line":26,"column":4},"end":{"line":26,"column":20}},"loc":{"start":{"line":26,"column":20},"end":{"line":36,"column":7}},"line":26},"3":{"name":"(anonymous_3)","decl":{"start":{"line":27,"column":14},"end":{"line":27,"column":36}},"loc":{"start":{"line":27,"column":58},"end":{"line":31,"column":null}},"line":27},"4":{"name":"(anonymous_4)","decl":{"start":{"line":33,"column":8},"end":{"line":33,"column":21}},"loc":{"start":{"line":33,"column":21},"end":{"line":35,"column":null}},"line":33},"5":{"name":"(anonymous_5)","decl":{"start":{"line":48,"column":38},"end":{"line":48,"column":43}},"loc":{"start":{"line":49,"column":32},"end":{"line":53,"column":null}},"line":49},"6":{"name":"(anonymous_6)","decl":{"start":{"line":58,"column":32},"end":{"line":58,"column":43}},"loc":{"start":{"line":58,"column":49},"end":{"line":61,"column":null}},"line":58},"7":{"name":"(anonymous_7)","decl":{"start":{"line":66,"column":36},"end":{"line":66,"column":47}},"loc":{"start":{"line":66,"column":53},"end":{"line":66,"column":null}},"line":66},"8":{"name":"(anonymous_8)","decl":{"start":{"line":81,"column":48},"end":{"line":81,"column":63}},"loc":{"start":{"line":81,"column":63},"end":{"line":81,"column":null}},"line":81},"9":{"name":"(anonymous_9)","decl":{"start":{"line":81,"column":63},"end":{"line":81,"column":74}},"loc":{"start":{"line":81,"column":83},"end":{"line":81,"column":88}},"line":81}},"branchMap":{"0":{"loc":{"start":{"line":19,"column":8},"end":{"line":21,"column":null}},"type":"if","locations":[{"start":{"line":19,"column":8},"end":{"line":21,"column":null}},{"start":{},"end":{}}],"line":19},"1":{"loc":{"start":{"line":19,"column":12},"end":{"line":19,"column":56}},"type":"binary-expr","locations":[{"start":{"line":19,"column":12},"end":{"line":19,"column":42}},{"start":{"line":19,"column":42},"end":{"line":19,"column":56}}],"line":19},"2":{"loc":{"start":{"line":28,"column":12},"end":{"line":30,"column":null}},"type":"if","locations":[{"start":{"line":28,"column":12},"end":{"line":30,"column":null}},{"start":{},"end":{}}],"line":28},"3":{"loc":{"start":{"line":28,"column":16},"end":{"line":28,"column":90}},"type":"binary-expr","locations":[{"start":{"line":28,"column":16},"end":{"line":28,"column":38}},{"start":{"line":28,"column":38},"end":{"line":28,"column":90}}],"line":28},"4":{"loc":{"start":{"line":40,"column":13},"end":{"line":83,"column":null}},"type":"cond-expr","locations":[{"start":{"line":41,"column":16},"end":{"line":81,"column":17}},{"start":{"line":81,"column":16},"end":{"line":83,"column":null}}],"line":40},"5":{"loc":{"start":{"line":51,"column":40},"end":{"line":51,"column":null}},"type":"cond-expr","locations":[{"start":{"line":51,"column":66},"end":{"line":51,"column":75}},{"start":{"line":51,"column":75},"end":{"line":51,"column":null}}],"line":51}},"s":{"0":14,"1":14,"2":14,"3":14,"4":14,"5":0,"6":0,"7":0,"8":0,"9":14,"10":10,"11":7,"12":7,"13":10,"14":10,"15":10,"16":14,"17":0,"18":0,"19":0,"20":0,"21":0,"22":0},"f":{"0":14,"1":0,"2":10,"3":7,"4":10,"5":0,"6":0,"7":0,"8":0,"9":0},"b":{"0":[0,0],"1":[0,0],"2":[7,0],"3":[7,7],"4":[0,14],"5":[0,0]},"meta":{"lastBranch":6,"lastFunction":10,"lastStatement":23,"seen":{"f:12:9:12:19":0,"s:13:19:13:Infinity":0,"s:14:10:14:Infinity":1,"s:15:25:15:Infinity":2,"s:16:49:16:Infinity":3,"s:18:30:24:Infinity":4,"f:18:30:18:42":1,"b:19:8:21:Infinity:undefined:undefined:undefined:undefined":0,"s:19:8:21:Infinity":5,"b:19:12:19:42:19:42:19:56":1,"s:20:12:20:Infinity":6,"s:22:8:22:Infinity":7,"s:23:8:23:Infinity":8,"s:26:4:36:Infinity":9,"f:26:4:26:20":2,"s:27:14:31:Infinity":10,"f:27:14:27:36":3,"b:28:12:30:Infinity:undefined:undefined:undefined:undefined":2,"s:28:12:30:Infinity":11,"b:28:16:28:38:28:38:28:90":3,"s:29:16:29:Infinity":12,"s:32:8:32:Infinity":13,"s:33:8:35:Infinity":14,"f:33:8:33:21":4,"s:34:12:34:Infinity":15,"s:38:4:85:Infinity":16,"b:41:16:81:17:81:16:83:Infinity":4,"f:48:38:48:43":5,"s:49:32:53:Infinity":17,"b:51:66:51:75:51:75:51:Infinity":5,"f:58:32:58:43":6,"s:59:36:59:Infinity":18,"s:60:36:60:Infinity":19,"f:66:36:66:47":7,"s:66:53:66:Infinity":20,"f:81:48:81:63":8,"s:81:63:81:Infinity":21,"f:81:63:81:74":9,"s:81:83:81:88":22},"fnNames":{}}}
,"/home/deepaks/Training_prev/employee-app/employee-app-react/src/components/Chatbot/Message.tsx": {"path":"/home/deepaks/Training_prev/employee-app/employee-app-react/src/components/Chatbot/Message.tsx","statementMap":{"0":{"start":{"line":8,"column":4},"end":{"line":13,"column":null}}},"fnMap":{"0":{"name":"Message","decl":{"start":{"line":7,"column":9},"end":{"line":7,"column":17}},"loc":{"start":{"line":7,"column":48},"end":{"line":15,"column":null}},"line":7}},"branchMap":{"0":{"loc":{"start":{"line":11,"column":17},"end":{"line":11,"column":null}},"type":"cond-expr","locations":[{"start":{"line":11,"column":34},"end":{"line":11,"column":null}},{"start":{"line":11,"column":70},"end":{"line":11,"column":null}}],"line":11}},"s":{"0":0},"f":{"0":0},"b":{"0":[0,0]},"meta":{"lastBranch":1,"lastFunction":1,"lastStatement":1,"seen":{"f:7:9:7:17":0,"s:8:4:13:Infinity":0,"b:11:34:11:Infinity:11:70:11:Infinity":0},"fnNames":{}}}
,"/home/deepaks/Training_prev/employee-app/employee-app-react/src/components/Chatbot/utils/streamChatResponse.ts": {"path":"/home/deepaks/Training_prev/employee-app/employee-app-react/src/components/Chatbot/utils/streamChatResponse.ts","statementMap":{"0":{"start":{"line":6,"column":21},"end":{"line":11,"column":null}},"1":{"start":{"line":13,"column":4},"end":{"line":15,"column":null}},"2":{"start":{"line":14,"column":8},"end":{"line":14,"column":null}},"3":{"start":{"line":17,"column":4},"end":{"line":19,"column":null}},"4":{"start":{"line":18,"column":8},"end":{"line":18,"column":null}},"5":{"start":{"line":21,"column":19},"end":{"line":21,"column":null}},"6":{"start":{"line":22,"column":20},"end":{"line":22,"column":null}},"7":{"start":{"line":24,"column":15},"end":{"line":24,"column":null}},"8":{"start":{"line":25,"column":17},"end":{"line":25,"column":null}},"9":{"start":{"line":26,"column":26},"end":{"line":26,"column":null}},"10":{"start":{"line":28,"column":4},"end":{"line":58,"column":null}},"11":{"start":{"line":29,"column":44},"end":{"line":29,"column":null}},"12":{"start":{"line":30,"column":8},"end":{"line":30,"column":null}},"13":{"start":{"line":31,"column":8},"end":{"line":31,"column":null}},"14":{"start":{"line":33,"column":22},"end":{"line":33,"column":null}},"15":{"start":{"line":34,"column":8},"end":{"line":34,"column":null}},"16":{"start":{"line":36,"column":8},"end":{"line":57,"column":null}},"17":{"start":{"line":37,"column":28},"end":{"line":37,"column":null}},"18":{"start":{"line":38,"column":12},"end":{"line":40,"column":null}},"19":{"start":{"line":39,"column":16},"end":{"line":39,"column":null}},"20":{"start":{"line":42,"column":12},"end":{"line":56,"column":null}},"21":{"start":{"line":43,"column":16},"end":{"line":55,"column":null}},"22":{"start":{"line":44,"column":33},"end":{"line":44,"column":null}},"23":{"start":{"line":45,"column":20},"end":{"line":47,"column":null}},"24":{"start":{"line":46,"column":24},"end":{"line":46,"column":null}},"25":{"start":{"line":48,"column":33},"end":{"line":48,"column":null}},"26":{"start":{"line":49,"column":20},"end":{"line":52,"column":null}},"27":{"start":{"line":50,"column":24},"end":{"line":50,"column":null}},"28":{"start":{"line":51,"column":24},"end":{"line":51,"column":null}},"29":{"start":{"line":54,"column":20},"end":{"line":54,"column":null}},"30":{"start":{"line":60,"column":4},"end":{"line":60,"column":null}}},"fnMap":{"0":{"name":"streamChatResponse","decl":{"start":{"line":1,"column":22},"end":{"line":1,"column":null}},"loc":{"start":{"line":5,"column":19},"end":{"line":61,"column":null}},"line":5}},"branchMap":{"0":{"loc":{"start":{"line":13,"column":4},"end":{"line":15,"column":null}},"type":"if","locations":[{"start":{"line":13,"column":4},"end":{"line":15,"column":null}},{"start":{},"end":{}}],"line":13},"1":{"loc":{"start":{"line":17,"column":4},"end":{"line":19,"column":null}},"type":"if","locations":[{"start":{"line":17,"column":4},"end":{"line":19,"column":null}},{"start":{},"end":{}}],"line":17},"2":{"loc":{"start":{"line":34,"column":17},"end":{"line":34,"column":null}},"type":"binary-expr","locations":[{"start":{"line":34,"column":17},"end":{"line":34,"column":32}},{"start":{"line":34,"column":32},"end":{"line":34,"column":null}}],"line":34},"3":{"loc":{"start":{"line":38,"column":12},"end":{"line":40,"column":null}},"type":"if","locations":[{"start":{"line":38,"column":12},"end":{"line":40,"column":null}},{"start":{},"end":{}}],"line":38},"4":{"loc":{"start":{"line":42,"column":12},"end":{"line":56,"column":null}},"type":"if","locations":[{"start":{"line":42,"column":12},"end":{"line":56,"column":null}},{"start":{},"end":{}}],"line":42},"5":{"loc":{"start":{"line":45,"column":20},"end":{"line":47,"column":null}},"type":"if","locations":[{"start":{"line":45,"column":20},"end":{"line":47,"column":null}},{"start":{},"end":{}}],"line":45},"6":{"loc":{"start":{"line":49,"column":20},"end":{"line":52,"column":null}},"type":"if","locations":[{"start":{"line":49,"column":20},"end":{"line":52,"column":null}},{"start":{},"end":{}}],"line":49}},"s":{"0":0,"1":0,"2":0,"3":0,"4":0,"5":0,"6":0,"7":0,"8":0,"9":0,"10":0,"11":0,"12":0,"13":0,"14":0,"15":0,"16":0,"17":0,"18":0,"19":0,"20":0,"21":0,"22":0,"23":0,"24":0,"25":0,"26":0,"27":0,"28":0,"29":0,"30":0},"f":{"0":0},"b":{"0":[0,0],"1":[0,0],"2":[0,0],"3":[0,0],"4":[0,0],"5":[0,0],"6":[0,0]},"meta":{"lastBranch":7,"lastFunction":1,"lastStatement":31,"seen":{"f:1:22:1:Infinity":0,"s:6:21:11:Infinity":0,"b:13:4:15:Infinity:undefined:undefined:undefined:undefined":0,"s:13:4:15:Infinity":1,"s:14:8:14:Infinity":2,"b:17:4:19:Infinity:undefined:undefined:undefined:undefined":1,"s:17:4:19:Infinity":3,"s:18:8:18:Infinity":4,"s:21:19:21:Infinity":5,"s:22:20:22:Infinity":6,"s:24:15:24:Infinity":7,"s:25:17:25:Infinity":8,"s:26:26:26:Infinity":9,"s:28:4:58:Infinity":10,"s:29:44:29:Infinity":11,"s:30:8:30:Infinity":12,"s:31:8:31:Infinity":13,"s:33:22:33:Infinity":14,"s:34:8:34:Infinity":15,"b:34:17:34:32:34:32:34:Infinity":2,"s:36:8:57:Infinity":16,"s:37:28:37:Infinity":17,"b:38:12:40:Infinity:undefined:undefined:undefined:undefined":3,"s:38:12:40:Infinity":18,"s:39:16:39:Infinity":19,"b:42:12:56:Infinity:undefined:undefined:undefined:undefined":4,"s:42:12:56:Infinity":20,"s:43:16:55:Infinity":21,"s:44:33:44:Infinity":22,"b:45:20:47:Infinity:undefined:undefined:undefined:undefined":5,"s:45:20:47:Infinity":23,"s:46:24:46:Infinity":24,"s:48:33:48:Infinity":25,"b:49:20:52:Infinity:undefined:undefined:undefined:undefined":6,"s:49:20:52:Infinity":26,"s:50:24:50:Infinity":27,"s:51:24:51:Infinity":28,"s:54:20:54:Infinity":29,"s:60:4:60:Infinity":30},"fnNames":{}}}
,"/home/deepaks/Training_prev/employee-app/employee-app-react/src/components/DialogBox/DialogBox.css": {"path":"/home/deepaks/Training_prev/employee-app/employee-app-react/src/components/DialogBox/DialogBox.css","statementMap":{},"fnMap":{},"branchMap":{},"s":{},"f":{},"b":{},"meta":{"lastBranch":0,"lastFunction":0,"lastStatement":0,"seen":{},"fnNames":{}}}
,"/home/deepaks/Training_prev/employee-app/employee-app-react/src/components/DialogBox/DialogBox.tsx": {"path":"/home/deepaks/Training_prev/employee-app/employee-app-react/src/components/DialogBox/DialogBox.tsx","statementMap":{"0":{"start":{"line":11,"column":4},"end":{"line":14,"column":null}}},"fnMap":{"0":{"name":"DialogBox","decl":{"start":{"line":10,"column":9},"end":{"line":10,"column":19}},"loc":{"start":{"line":10,"column":58},"end":{"line":16,"column":null}},"line":10}},"branchMap":{},"s":{"0":6},"f":{"0":6},"b":{},"meta":{"lastBranch":0,"lastFunction":1,"lastStatement":1,"seen":{"f:10:9:10:19":0,"s:11:4:14:Infinity":0},"fnNames":{}}}
,"/home/deepaks/Training_prev/employee-app/employee-app-react/src/components/Table/Row.tsx": {"path":"/home/deepaks/Training_prev/employee-app/employee-app-react/src/components/Table/Row.tsx","statementMap":{"0":{"start":{"line":22,"column":4},"end":{"line":50,"column":null}},"1":{"start":{"line":39,"column":28},"end":{"line":39,"column":null}}},"fnMap":{"0":{"name":"Row","decl":{"start":{"line":21,"column":9},"end":{"line":21,"column":13}},"loc":{"start":{"line":21,"column":63},"end":{"line":52,"column":null}},"line":21},"1":{"name":"(anonymous_1)","decl":{"start":{"line":38,"column":24},"end":{"line":38,"column":34}},"loc":{"start":{"line":38,"column":40},"end":{"line":40,"column":null}},"line":38}},"branchMap":{},"s":{"0":31,"1":2},"f":{"0":31,"1":2},"b":{},"meta":{"lastBranch":0,"lastFunction":2,"lastStatement":2,"seen":{"f:21:9:21:13":0,"s:22:4:50:Infinity":0,"f:38:24:38:34":1,"s:39:28:39:Infinity":1},"fnNames":{}}}
,"/home/deepaks/Training_prev/employee-app/employee-app-react/src/components/Table/Table.css": {"path":"/home/deepaks/Training_prev/employee-app/employee-app-react/src/components/Table/Table.css","statementMap":{},"fnMap":{},"branchMap":{},"s":{},"f":{},"b":{},"meta":{"lastBranch":0,"lastFunction":0,"lastStatement":0,"seen":{},"fnNames":{}}}
,"/home/deepaks/Training_prev/employee-app/employee-app-react/src/components/Table/Title.tsx": {"path":"/home/deepaks/Training_prev/employee-app/employee-app-react/src/components/Table/Title.tsx","statementMap":{"0":{"start":{"line":4,"column":4},"end":{"line":15,"column":null}}},"fnMap":{"0":{"name":"Title","decl":{"start":{"line":3,"column":9},"end":{"line":3,"column":17}},"loc":{"start":{"line":3,"column":17},"end":{"line":17,"column":null}},"line":3}},"branchMap":{},"s":{"0":14},"f":{"0":14},"b":{},"meta":{"lastBranch":0,"lastFunction":1,"lastStatement":1,"seen":{"f:3:9:3:17":0,"s:4:4:15:Infinity":0},"fnNames":{}}}
,"/home/deepaks/Training_prev/employee-app/employee-app-react/src/hooks/useSSEChat.tsx": {"path":"/home/deepaks/Training_prev/employee-app/employee-app-react/src/hooks/useSSEChat.tsx","statementMap":{"0":{"start":{"line":11,"column":24},"end":{"line":11,"column":null}},"1":{"start":{"line":12,"column":25},"end":{"line":12,"column":null}},"2":{"start":{"line":13,"column":21},"end":{"line":13,"column":null}},"3":{"start":{"line":14,"column":10},"end":{"line":14,"column":null}},"4":{"start":{"line":16,"column":10},"end":{"line":46,"column":null}},"5":{"start":{"line":17,"column":8},"end":{"line":17,"column":null}},"6":{"start":{"line":18,"column":8},"end":{"line":18,"column":null}},"7":{"start":{"line":19,"column":8},"end":{"line":19,"column":null}},"8":{"start":{"line":20,"column":8},"end":{"line":20,"column":null}},"9":{"start":{"line":21,"column":8},"end":{"line":25,"column":null}},"10":{"start":{"line":21,"column":38},"end":{"line":25,"column":9}},"11":{"start":{"line":27,"column":8},"end":{"line":45,"column":null}},"12":{"start":{"line":28,"column":12},"end":{"line":38,"column":null}},"13":{"start":{"line":31,"column":20},"end":{"line":35,"column":null}},"14":{"start":{"line":32,"column":44},"end":{"line":32,"column":null}},"15":{"start":{"line":33,"column":24},"end":{"line":33,"column":null}},"16":{"start":{"line":34,"column":24},"end":{"line":34,"column":null}},"17":{"start":{"line":40,"column":12},"end":{"line":42,"column":null}},"18":{"start":{"line":41,"column":16},"end":{"line":41,"column":null}},"19":{"start":{"line":44,"column":12},"end":{"line":44,"column":null}},"20":{"start":{"line":48,"column":4},"end":{"line":48,"column":null}}},"fnMap":{"0":{"name":"useSSEChat","decl":{"start":{"line":10,"column":24},"end":{"line":10,"column":37}},"loc":{"start":{"line":10,"column":37},"end":{"line":49,"column":null}},"line":10},"1":{"name":"(anonymous_1)","decl":{"start":{"line":16,"column":36},"end":{"line":16,"column":43}},"loc":{"start":{"line":16,"column":62},"end":{"line":46,"column":7}},"line":16},"2":{"name":"(anonymous_2)","decl":{"start":{"line":21,"column":8},"end":{"line":21,"column":21}},"loc":{"start":{"line":21,"column":38},"end":{"line":25,"column":9}},"line":21},"3":{"name":"(anonymous_3)","decl":{"start":{"line":29,"column":16},"end":{"line":29,"column":null}},"loc":{"start":{"line":30,"column":33},"end":{"line":36,"column":null}},"line":30},"4":{"name":"(anonymous_4)","decl":{"start":{"line":31,"column":20},"end":{"line":31,"column":33}},"loc":{"start":{"line":31,"column":42},"end":{"line":35,"column":21}},"line":31}},"branchMap":{"0":{"loc":{"start":{"line":40,"column":12},"end":{"line":42,"column":null}},"type":"if","locations":[{"start":{"line":40,"column":12},"end":{"line":42,"column":null}},{"start":{},"end":{}}],"line":40}},"s":{"0":14,"1":14,"2":14,"3":14,"4":14,"5":0,"6":0,"7":0,"8":0,"9":0,"10":0,"11":0,"12":0,"13":0,"14":0,"15":0,"16":0,"17":0,"18":0,"19":0,"20":14},"f":{"0":14,"1":0,"2":0,"3":0,"4":0},"b":{"0":[0,0]},"meta":{"lastBranch":1,"lastFunction":5,"lastStatement":21,"seen":{"f:10:24:10:37":0,"s:11:24:11:Infinity":0,"s:12:25:12:Infinity":1,"s:13:21:13:Infinity":2,"s:14:10:14:Infinity":3,"s:16:10:46:Infinity":4,"f:16:36:16:43":1,"s:17:8:17:Infinity":5,"s:18:8:18:Infinity":6,"s:19:8:19:Infinity":7,"s:20:8:20:Infinity":8,"s:21:8:25:Infinity":9,"f:21:8:21:21":2,"s:21:38:25:9":10,"s:27:8:45:Infinity":11,"s:28:12:38:Infinity":12,"f:29:16:29:Infinity":3,"s:31:20:35:Infinity":13,"f:31:20:31:33":4,"s:32:44:32:Infinity":14,"s:33:24:33:Infinity":15,"s:34:24:34:Infinity":16,"b:40:12:42:Infinity:undefined:undefined:undefined:undefined":0,"s:40:12:42:Infinity":17,"s:41:16:41:Infinity":18,"s:44:12:44:Infinity":19,"s:48:4:48:Infinity":20},"fnNames":{}}}
,"/home/deepaks/Training_prev/employee-app/employee-app-react/src/pages/EmployeeList/EmployeeList.css": {"path":"/home/deepaks/Training_prev/employee-app/employee-app-react/src/pages/EmployeeList/EmployeeList.css","statementMap":{},"fnMap":{},"branchMap":{},"s":{},"f":{},"b":{},"meta":{"lastBranch":0,"lastFunction":0,"lastStatement":0,"seen":{},"fnNames":{}}}
,"/home/deepaks/Training_prev/employee-app/employee-app-react/src/pages/EmployeeList/EmployeeList.tsx": {"path":"/home/deepaks/Training_prev/employee-app/employee-app-react/src/pages/EmployeeList/EmployeeList.tsx","statementMap":{"0":{"start":{"line":24,"column":10},"end":{"line":24,"column":null}},"1":{"start":{"line":26,"column":19},"end":{"line":26,"column":null}},"2":{"start":{"line":27,"column":23},"end":{"line":27,"column":null}},"3":{"start":{"line":28,"column":31},"end":{"line":28,"column":null}},"4":{"start":{"line":32,"column":64},"end":{"line":33,"column":null}},"5":{"start":{"line":41,"column":23},"end":{"line":43,"column":null}},"6":{"start":{"line":45,"column":4},"end":{"line":49,"column":null}},"7":{"start":{"line":46,"column":8},"end":{"line":48,"column":null}},"8":{"start":{"line":47,"column":12},"end":{"line":47,"column":null}},"9":{"start":{"line":51,"column":4},"end":{"line":53,"column":null}},"10":{"start":{"line":52,"column":8},"end":{"line":52,"column":null}},"11":{"start":{"line":55,"column":4},"end":{"line":59,"column":null}},"12":{"start":{"line":56,"column":8},"end":{"line":58,"column":null}},"13":{"start":{"line":57,"column":12},"end":{"line":57,"column":null}},"14":{"start":{"line":61,"column":4},"end":{"line":65,"column":null}},"15":{"start":{"line":62,"column":8},"end":{"line":64,"column":null}},"16":{"start":{"line":63,"column":12},"end":{"line":63,"column":null}},"17":{"start":{"line":67,"column":10},"end":{"line":71,"column":null}},"18":{"start":{"line":68,"column":8},"end":{"line":68,"column":null}},"19":{"start":{"line":69,"column":8},"end":{"line":69,"column":null}},"20":{"start":{"line":70,"column":8},"end":{"line":70,"column":null}},"21":{"start":{"line":73,"column":10},"end":{"line":76,"column":null}},"22":{"start":{"line":74,"column":8},"end":{"line":74,"column":null}},"23":{"start":{"line":75,"column":8},"end":{"line":75,"column":null}},"24":{"start":{"line":78,"column":10},"end":{"line":81,"column":null}},"25":{"start":{"line":79,"column":8},"end":{"line":79,"column":null}},"26":{"start":{"line":80,"column":8},"end":{"line":80,"column":null}},"27":{"start":{"line":83,"column":26},"end":{"line":95,"column":null}},"28":{"start":{"line":84,"column":8},"end":{"line":84,"column":null}},"29":{"start":{"line":86,"column":8},"end":{"line":88,"column":null}},"30":{"start":{"line":87,"column":12},"end":{"line":87,"column":null}},"31":{"start":{"line":90,"column":8},"end":{"line":94,"column":null}},"32":{"start":{"line":91,"column":12},"end":{"line":91,"column":null}},"33":{"start":{"line":93,"column":12},"end":{"line":93,"column":null}},"34":{"start":{"line":97,"column":4},"end":{"line":192,"column":null}},"35":{"start":{"line":135,"column":45},"end":{"line":135,"column":null}},"36":{"start":{"line":158,"column":39},"end":{"line":158,"column":null}},"37":{"start":{"line":174,"column":28},"end":{"line":184,"column":null}},"38":{"start":{"line":176,"column":47},"end":{"line":176,"column":null}},"39":{"start":{"line":181,"column":57},"end":{"line":181,"column":null}},"40":{"start":{"line":182,"column":55},"end":{"line":182,"column":null}}},"fnMap":{"0":{"name":"EmployeeList","decl":{"start":{"line":23,"column":9},"end":{"line":23,"column":24}},"loc":{"start":{"line":23,"column":24},"end":{"line":194,"column":null}},"line":23},"1":{"name":"(anonymous_1)","decl":{"start":{"line":45,"column":4},"end":{"line":45,"column":20}},"loc":{"start":{"line":45,"column":20},"end":{"line":49,"column":7}},"line":45},"2":{"name":"(anonymous_2)","decl":{"start":{"line":51,"column":4},"end":{"line":51,"column":20}},"loc":{"start":{"line":51,"column":20},"end":{"line":53,"column":7}},"line":51},"3":{"name":"(anonymous_3)","decl":{"start":{"line":55,"column":4},"end":{"line":55,"column":20}},"loc":{"start":{"line":55,"column":20},"end":{"line":59,"column":7}},"line":55},"4":{"name":"(anonymous_4)","decl":{"start":{"line":61,"column":4},"end":{"line":61,"column":20}},"loc":{"start":{"line":61,"column":20},"end":{"line":65,"column":7}},"line":61},"5":{"name":"(anonymous_5)","decl":{"start":{"line":67,"column":10},"end":{"line":67,"column":26}},"loc":{"start":{"line":67,"column":81},"end":{"line":71,"column":null}},"line":67},"6":{"name":"(anonymous_6)","decl":{"start":{"line":73,"column":10},"end":{"line":73,"column":24}},"loc":{"start":{"line":73,"column":79},"end":{"line":76,"column":null}},"line":73},"7":{"name":"(anonymous_7)","decl":{"start":{"line":78,"column":10},"end":{"line":78,"column":26}},"loc":{"start":{"line":78,"column":69},"end":{"line":81,"column":null}},"line":78},"8":{"name":"(anonymous_8)","decl":{"start":{"line":83,"column":26},"end":{"line":83,"column":33}},"loc":{"start":{"line":83,"column":76},"end":{"line":95,"column":null}},"line":83},"9":{"name":"(anonymous_9)","decl":{"start":{"line":135,"column":28},"end":{"line":135,"column":39}},"loc":{"start":{"line":135,"column":45},"end":{"line":135,"column":null}},"line":135},"10":{"name":"(anonymous_10)","decl":{"start":{"line":158,"column":24},"end":{"line":158,"column":39}},"loc":{"start":{"line":158,"column":39},"end":{"line":158,"column":null}},"line":158},"11":{"name":"(anonymous_11)","decl":{"start":{"line":173,"column":34},"end":{"line":173,"column":39}},"loc":{"start":{"line":174,"column":28},"end":{"line":184,"column":null}},"line":174},"12":{"name":"(anonymous_12)","decl":{"start":{"line":176,"column":32},"end":{"line":176,"column":47}},"loc":{"start":{"line":176,"column":47},"end":{"line":176,"column":null}},"line":176},"13":{"name":"(anonymous_13)","decl":{"start":{"line":181,"column":36},"end":{"line":181,"column":51}},"loc":{"start":{"line":181,"column":57},"end":{"line":181,"column":null}},"line":181},"14":{"name":"(anonymous_14)","decl":{"start":{"line":182,"column":36},"end":{"line":182,"column":49}},"loc":{"start":{"line":182,"column":55},"end":{"line":182,"column":null}},"line":182}},"branchMap":{"0":{"loc":{"start":{"line":32,"column":16},"end":{"line":32,"column":32}},"type":"default-arg","locations":[{"start":{"line":32,"column":28},"end":{"line":32,"column":32}}],"line":32},"1":{"loc":{"start":{"line":46,"column":8},"end":{"line":48,"column":null}},"type":"if","locations":[{"start":{"line":46,"column":8},"end":{"line":48,"column":null}},{"start":{},"end":{}}],"line":46},"2":{"loc":{"start":{"line":56,"column":8},"end":{"line":58,"column":null}},"type":"if","locations":[{"start":{"line":56,"column":8},"end":{"line":58,"column":null}},{"start":{},"end":{}}],"line":56},"3":{"loc":{"start":{"line":62,"column":8},"end":{"line":64,"column":null}},"type":"if","locations":[{"start":{"line":62,"column":8},"end":{"line":64,"column":null}},{"start":{},"end":{}}],"line":62},"4":{"loc":{"start":{"line":86,"column":8},"end":{"line":88,"column":null}},"type":"if","locations":[{"start":{"line":86,"column":8},"end":{"line":88,"column":null}},{"start":{},"end":{}}],"line":86},"5":{"loc":{"start":{"line":99,"column":13},"end":{"line":127,"column":13}},"type":"binary-expr","locations":[{"start":{"line":99,"column":13},"end":{"line":99,"column":null}},{"start":{"line":100,"column":16},"end":{"line":127,"column":13}}],"line":99},"6":{"loc":{"start":{"line":117,"column":39},"end":{"line":117,"column":null}},"type":"cond-expr","locations":[{"start":{"line":117,"column":52},"end":{"line":117,"column":68}},{"start":{"line":117,"column":68},"end":{"line":117,"column":null}}],"line":117},"7":{"loc":{"start":{"line":166,"column":21},"end":{"line":185,"column":null}},"type":"cond-expr","locations":[{"start":{"line":167,"column":24},"end":{"line":168,"column":null}},{"start":{"line":168,"column":24},"end":{"line":185,"column":null}}],"line":166},"8":{"loc":{"start":{"line":166,"column":21},"end":{"line":166,"column":null}},"type":"binary-expr","locations":[{"start":{"line":166,"column":21},"end":{"line":166,"column":34}},{"start":{"line":166,"column":34},"end":{"line":166,"column":null}}],"line":166},"9":{"loc":{"start":{"line":168,"column":24},"end":{"line":185,"column":null}},"type":"cond-expr","locations":[{"start":{"line":169,"column":24},"end":{"line":170,"column":34}},{"start":{"line":170,"column":24},"end":{"line":185,"column":null}}],"line":168},"10":{"loc":{"start":{"line":170,"column":24},"end":{"line":185,"column":null}},"type":"cond-expr","locations":[{"start":{"line":171,"column":24},"end":{"line":173,"column":34}},{"start":{"line":173,"column":24},"end":{"line":185,"column":null}}],"line":170}},"s":{"0":14,"1":14,"2":14,"3":14,"4":14,"5":14,"6":14,"7":10,"8":1,"9":14,"10":11,"11":14,"12":10,"13":0,"14":14,"15":10,"16":0,"17":14,"18":2,"19":2,"20":2,"21":14,"22":1,"23":1,"24":14,"25":1,"26":1,"27":14,"28":1,"29":1,"30":0,"31":1,"32":1,"33":1,"34":14,"35":1,"36":1,"37":31,"38":1,"39":2,"40":1},"f":{"0":14,"1":10,"2":11,"3":10,"4":10,"5":2,"6":1,"7":1,"8":1,"9":1,"10":1,"11":31,"12":1,"13":2,"14":1},"b":{"0":[14],"1":[1,9],"2":[0,10],"3":[0,10],"4":[0,1],"5":[14,2],"6":[0,2],"7":[1,13],"8":[14,13],"9":[1,12],"10":[2,10]},"meta":{"lastBranch":11,"lastFunction":15,"lastStatement":41,"seen":{"f:23:9:23:24":0,"s:24:10:24:Infinity":0,"s:26:19:26:Infinity":1,"s:27:23:27:Infinity":2,"s:28:31:28:Infinity":3,"s:32:64:33:Infinity":4,"b:32:28:32:32":0,"s:41:23:43:Infinity":5,"s:45:4:49:Infinity":6,"f:45:4:45:20":1,"b:46:8:48:Infinity:undefined:undefined:undefined:undefined":1,"s:46:8:48:Infinity":7,"s:47:12:47:Infinity":8,"s:51:4:53:Infinity":9,"f:51:4:51:20":2,"s:52:8:52:Infinity":10,"s:55:4:59:Infinity":11,"f:55:4:55:20":3,"b:56:8:58:Infinity:undefined:undefined:undefined:undefined":2,"s:56:8:58:Infinity":12,"s:57:12:57:Infinity":13,"s:61:4:65:Infinity":14,"f:61:4:61:20":4,"b:62:8:64:Infinity:undefined:undefined:undefined:undefined":3,"s:62:8:64:Infinity":15,"s:63:12:63:Infinity":16,"s:67:10:71:Infinity":17,"f:67:10:67:26":5,"s:68:8:68:Infinity":18,"s:69:8:69:Infinity":19,"s:70:8:70:Infinity":20,"s:73:10:76:Infinity":21,"f:73:10:73:24":6,"s:74:8:74:Infinity":22,"s:75:8:75:Infinity":23,"s:78:10:81:Infinity":24,"f:78:10:78:26":7,"s:79:8:79:Infinity":25,"s:80:8:80:Infinity":26,"s:83:26:95:Infinity":27,"f:83:26:83:33":8,"s:84:8:84:Infinity":28,"b:86:8:88:Infinity:undefined:undefined:undefined:undefined":4,"s:86:8:88:Infinity":29,"s:87:12:87:Infinity":30,"s:90:8:94:Infinity":31,"s:91:12:91:Infinity":32,"s:93:12:93:Infinity":33,"s:97:4:192:Infinity":34,"b:99:13:99:Infinity:100:16:127:13":5,"b:117:52:117:68:117:68:117:Infinity":6,"f:135:28:135:39":9,"s:135:45:135:Infinity":35,"f:158:24:158:39":10,"s:158:39:158:Infinity":36,"b:167:24:168:Infinity:168:24:185:Infinity":7,"b:166:21:166:34:166:34:166:Infinity":8,"b:169:24:170:34:170:24:185:Infinity":9,"b:171:24:173:34:173:24:185:Infinity":10,"f:173:34:173:39":11,"s:174:28:184:Infinity":37,"f:176:32:176:47":12,"s:176:47:176:Infinity":38,"f:181:36:181:51":13,"s:181:57:181:Infinity":39,"f:182:36:182:49":14,"s:182:55:182:Infinity":40},"fnNames":{}}}
,"/home/deepaks/Training_prev/employee-app/employee-app-react/src/pages/Login/Login.css": {"path":"/home/deepaks/Training_prev/employee-app/employee-app-react/src/pages/Login/Login.css","statementMap":{},"fnMap":{},"branchMap":{},"s":{},"f":{},"b":{},"meta":{"lastBranch":0,"lastFunction":0,"lastStatement":0,"seen":{},"fnNames":{}}}
,"/home/deepaks/Training_prev/employee-app/employee-app-react/src/pages/Login/Login.tsx": {"path":"/home/deepaks/Training_prev/employee-app/employee-app-react/src/pages/Login/Login.tsx","statementMap":{"0":{"start":{"line":10,"column":18},"end":{"line":10,"column":null}},"1":{"start":{"line":11,"column":10},"end":{"line":11,"column":null}},"2":{"start":{"line":12,"column":18},"end":{"line":12,"column":null}},"3":{"start":{"line":13,"column":21},"end":{"line":13,"column":null}},"4":{"start":{"line":14,"column":20},"end":{"line":14,"column":null}},"5":{"start":{"line":17,"column":8},"end":{"line":17,"column":null}},"6":{"start":{"line":21,"column":22},"end":{"line":21,"column":null}},"7":{"start":{"line":23,"column":8},"end":{"line":23,"column":null}},"8":{"start":{"line":25,"column":8},"end":{"line":25,"column":null}},"9":{"start":{"line":29,"column":22},"end":{"line":29,"column":null}},"10":{"start":{"line":31,"column":8},"end":{"line":31,"column":null}},"11":{"start":{"line":33,"column":8},"end":{"line":33,"column":null}},"12":{"start":{"line":37,"column":8},"end":{"line":47,"column":null}},"13":{"start":{"line":40,"column":16},"end":{"line":40,"column":null}},"14":{"start":{"line":41,"column":16},"end":{"line":41,"column":null}},"15":{"start":{"line":42,"column":16},"end":{"line":42,"column":null}},"16":{"start":{"line":45,"column":16},"end":{"line":45,"column":null}},"17":{"start":{"line":46,"column":16},"end":{"line":46,"column":null}},"18":{"start":{"line":50,"column":4},"end":{"line":100,"column":null}},"19":{"start":{"line":58,"column":39},"end":{"line":58,"column":null}},"20":{"start":{"line":68,"column":32},"end":{"line":68,"column":null}},"21":{"start":{"line":82,"column":32},"end":{"line":82,"column":null}},"22":{"start":{"line":94,"column":39},"end":{"line":94,"column":null}}},"fnMap":{"0":{"name":"Login","decl":{"start":{"line":9,"column":9},"end":{"line":9,"column":17}},"loc":{"start":{"line":9,"column":17},"end":{"line":102,"column":null}},"line":9},"1":{"name":"handleSubmit","decl":{"start":{"line":16,"column":13},"end":{"line":16,"column":26}},"loc":{"start":{"line":16,"column":65},"end":{"line":18,"column":null}},"line":16},"2":{"name":"handleEmailChange","decl":{"start":{"line":20,"column":13},"end":{"line":20,"column":31}},"loc":{"start":{"line":20,"column":71},"end":{"line":26,"column":null}},"line":20},"3":{"name":"handlePasswordChange","decl":{"start":{"line":28,"column":13},"end":{"line":28,"column":34}},"loc":{"start":{"line":28,"column":74},"end":{"line":34,"column":null}},"line":28},"4":{"name":"checkLogin","decl":{"start":{"line":36,"column":19},"end":{"line":36,"column":32}},"loc":{"start":{"line":36,"column":32},"end":{"line":48,"column":null}},"line":36},"5":{"name":"(anonymous_5)","decl":{"start":{"line":39,"column":13},"end":{"line":39,"column":19}},"loc":{"start":{"line":39,"column":32},"end":{"line":43,"column":13}},"line":39},"6":{"name":"(anonymous_6)","decl":{"start":{"line":44,"column":13},"end":{"line":44,"column":20}},"loc":{"start":{"line":44,"column":30},"end":{"line":47,"column":13}},"line":44},"7":{"name":"(anonymous_7)","decl":{"start":{"line":58,"column":22},"end":{"line":58,"column":33}},"loc":{"start":{"line":58,"column":39},"end":{"line":58,"column":null}},"line":58},"8":{"name":"(anonymous_8)","decl":{"start":{"line":67,"column":28},"end":{"line":67,"column":39}},"loc":{"start":{"line":67,"column":45},"end":{"line":69,"column":null}},"line":67},"9":{"name":"(anonymous_9)","decl":{"start":{"line":81,"column":28},"end":{"line":81,"column":39}},"loc":{"start":{"line":81,"column":45},"end":{"line":83,"column":null}},"line":81},"10":{"name":"(anonymous_10)","decl":{"start":{"line":94,"column":24},"end":{"line":94,"column":39}},"loc":{"start":{"line":94,"column":39},"end":{"line":94,"column":null}},"line":94}},"branchMap":{"0":{"loc":{"start":{"line":25,"column":17},"end":{"line":25,"column":76}},"type":"cond-expr","locations":[{"start":{"line":25,"column":49},"end":{"line":25,"column":74}},{"start":{"line":25,"column":74},"end":{"line":25,"column":76}}],"line":25},"1":{"loc":{"start":{"line":25,"column":17},"end":{"line":25,"column":49}},"type":"binary-expr","locations":[{"start":{"line":25,"column":17},"end":{"line":25,"column":26}},{"start":{"line":25,"column":26},"end":{"line":25,"column":49}}],"line":25},"2":{"loc":{"start":{"line":33,"column":17},"end":{"line":33,"column":81}},"type":"cond-expr","locations":[{"start":{"line":33,"column":36},"end":{"line":33,"column":79}},{"start":{"line":33,"column":79},"end":{"line":33,"column":81}}],"line":33},"3":{"loc":{"start":{"line":92,"column":38},"end":{"line":92,"column":null}},"type":"cond-expr","locations":[{"start":{"line":92,"column":50},"end":{"line":92,"column":62}},{"start":{"line":92,"column":62},"end":{"line":92,"column":null}}],"line":92},"4":{"loc":{"start":{"line":93,"column":34},"end":{"line":93,"column":null}},"type":"cond-expr","locations":[{"start":{"line":93,"column":46},"end":{"line":93,"column":63}},{"start":{"line":93,"column":63},"end":{"line":93,"column":null}}],"line":93}},"s":{"0":88,"1":88,"2":88,"3":88,"4":88,"5":1,"6":52,"7":52,"8":52,"9":30,"10":30,"11":30,"12":2,"13":1,"14":1,"15":1,"16":1,"17":1,"18":88,"19":1,"20":52,"21":30,"22":2},"f":{"0":88,"1":1,"2":52,"3":30,"4":2,"5":1,"6":1,"7":1,"8":52,"9":30,"10":2},"b":{"0":[15,37],"1":[52,51],"2":[21,9],"3":[24,64],"4":[24,64]},"meta":{"lastBranch":5,"lastFunction":11,"lastStatement":23,"seen":{"f:9:9:9:17":0,"s:10:18:10:Infinity":0,"s:11:10:11:Infinity":1,"s:12:18:12:Infinity":2,"s:13:21:13:Infinity":3,"s:14:20:14:Infinity":4,"f:16:13:16:26":1,"s:17:8:17:Infinity":5,"f:20:13:20:31":2,"s:21:22:21:Infinity":6,"s:23:8:23:Infinity":7,"s:25:8:25:Infinity":8,"b:25:49:25:74:25:74:25:76":0,"b:25:17:25:26:25:26:25:49":1,"f:28:13:28:34":3,"s:29:22:29:Infinity":9,"s:31:8:31:Infinity":10,"s:33:8:33:Infinity":11,"b:33:36:33:79:33:79:33:81":2,"f:36:19:36:32":4,"s:37:8:47:Infinity":12,"f:39:13:39:19":5,"s:40:16:40:Infinity":13,"s:41:16:41:Infinity":14,"s:42:16:42:Infinity":15,"f:44:13:44:20":6,"s:45:16:45:Infinity":16,"s:46:16:46:Infinity":17,"s:50:4:100:Infinity":18,"f:58:22:58:33":7,"s:58:39:58:Infinity":19,"f:67:28:67:39":8,"s:68:32:68:Infinity":20,"f:81:28:81:39":9,"s:82:32:82:Infinity":21,"b:92:50:92:62:92:62:92:Infinity":3,"b:93:46:93:63:93:63:93:Infinity":4,"f:94:24:94:39":10,"s:94:39:94:Infinity":22},"fnNames":{}}}
}
